<?xml version="1.0" encoding="UTF-8"?>
<!-- Generated by org.testng.reporters.JUnitReportReporter -->
<testsuite hostname="DESKTOP-7HMFML8" failures="0" tests="1" name="com.check.ehr.ehrmodulescheck.AppTest" time="40.469" errors="0" timestamp="2024-04-22T15:21:51 IST" skipped="0">
  <testcase classname="com.check.ehr.ehrmodulescheck.AppTest" name="browserManage" time="40.469"/>
</testsuite> <!-- com.check.ehr.ehrmodulescheck.AppTest -->
