<?xml version="1.0" encoding="UTF-8"?>
<!-- Generated by org.testng.reporters.JUnitReportReporter -->
<testsuite hostname="DESKTOP-7HMFML8" failures="0" tests="1" name="com.practicexmltestNGAnnotations.AnnotationPractice.AnnotationTest" time="0.008" errors="0" timestamp="2024-04-04T15:24:46 IST" skipped="0">
  <testcase classname="com.practicexmltestNGAnnotations.AnnotationPractice.AnnotationTest" name="defaultMethod" time="0.008"/>
  <system-out/>
</testsuite> <!-- com.practicexmltestNGAnnotations.AnnotationPractice.AnnotationTest -->
