<?xml version="1.0" encoding="UTF-8"?>
<!-- Generated by org.testng.reporters.JUnitReportReporter -->
<testsuite hostname="DESKTOP-7HMFML8" failures="0" tests="3" name="com.practice.ehr.patient.search.add.vitals.PatientSearchAndVitalsAdd" time="23.702" errors="0" timestamp="2024-04-26T16:18:03 IST" skipped="0">
  <testcase classname="com.practice.ehr.patient.search.add.vitals.PatientSearchAndVitalsAdd" name="lunchApp" time="13.112"/>
  <testcase classname="com.practice.ehr.patient.search.add.vitals.PatientSearchAndVitalsAdd" name="PatientSearch" time="4.307"/>
  <testcase classname="com.practice.ehr.patient.search.add.vitals.PatientSearchAndVitalsAdd" name="enterUserDetails" time="6.283"/>
</testsuite> <!-- com.practice.ehr.patient.search.add.vitals.PatientSearchAndVitalsAdd -->
